2022-11-07 10:02:47.428  INFO 36176 --- [restartedMain] c.numpyninja.lms.LmsServicesApplication  : Starting LmsServicesApplication using Java 17.0.4.1 on DESKTOP-5A3Q1QR with PID 36176 (C:\Users\djesw\OneDrive\Documents\workspace-spring-tool-suite-4-4.9.0.RELEASE\demo-3\demo\target\classes started by djesw in C:\Users\djesw\OneDrive\Documents\workspace-spring-tool-suite-4-4.9.0.RELEASE\demo-3\demo)
2022-11-07 10:02:47.433  INFO 36176 --- [restartedMain] c.numpyninja.lms.LmsServicesApplication  : No active profile set, falling back to default profiles: default
2022-11-07 10:02:47.504  INFO 36176 --- [restartedMain] .e.DevToolsPropertyDefaultsPostProcessor : Devtools property defaults active! Set 'spring.devtools.add-properties' to 'false' to disable
2022-11-07 10:02:47.505  INFO 36176 --- [restartedMain] .e.DevToolsPropertyDefaultsPostProcessor : For additional web related logging consider setting the 'logging.level.web' property to 'DEBUG'
2022-11-07 10:02:48.872  INFO 36176 --- [restartedMain] .s.d.r.c.RepositoryConfigurationDelegate : Multiple Spring Data modules found, entering strict repository configuration mode!
2022-11-07 10:02:48.873  INFO 36176 --- [restartedMain] .s.d.r.c.RepositoryConfigurationDelegate : Bootstrapping Spring Data JPA repositories in DEFAULT mode.
2022-11-07 10:02:48.997  INFO 36176 --- [restartedMain] .s.d.r.c.RepositoryConfigurationDelegate : Finished Spring Data repository scanning in 110 ms. Found 9 JPA repository interfaces.
2022-11-07 10:02:49.273  INFO 36176 --- [restartedMain] .s.d.r.c.RepositoryConfigurationDelegate : Multiple Spring Data modules found, entering strict repository configuration mode!
2022-11-07 10:02:49.274  INFO 36176 --- [restartedMain] .s.d.r.c.RepositoryConfigurationDelegate : Bootstrapping Spring Data JDBC repositories in DEFAULT mode.
2022-11-07 10:02:49.300  INFO 36176 --- [restartedMain] .RepositoryConfigurationExtensionSupport : Spring Data JDBC - Could not safely identify store assignment for repository candidate interface com.numpyninja.lms.repository.AssignmentRepository. If you want this repository to be a JDBC repository, consider annotating your entities with one of these annotations: org.springframework.data.relational.core.mapping.Table.
2022-11-07 10:02:49.300  INFO 36176 --- [restartedMain] .RepositoryConfigurationExtensionSupport : Spring Data JDBC - Could not safely identify store assignment for repository candidate interface com.numpyninja.lms.repository.AttendanceRepository. If you want this repository to be a JDBC repository, consider annotating your entities with one of these annotations: org.springframework.data.relational.core.mapping.Table.
2022-11-07 10:02:49.302  INFO 36176 --- [restartedMain] .RepositoryConfigurationExtensionSupport : Spring Data JDBC - Could not safely identify store assignment for repository candidate interface com.numpyninja.lms.repository.ClassRepository. If you want this repository to be a JDBC repository, consider annotating your entities with one of these annotations: org.springframework.data.relational.core.mapping.Table.
2022-11-07 10:02:49.302  INFO 36176 --- [restartedMain] .RepositoryConfigurationExtensionSupport : Spring Data JDBC - Could not safely identify store assignment for repository candidate interface com.numpyninja.lms.repository.ProgBatchRepository. If you want this repository to be a JDBC repository, consider annotating your entities with one of these annotations: org.springframework.data.relational.core.mapping.Table.
2022-11-07 10:02:49.302  INFO 36176 --- [restartedMain] .RepositoryConfigurationExtensionSupport : Spring Data JDBC - Could not safely identify store assignment for repository candidate interface com.numpyninja.lms.repository.ProgramRepository. If you want this repository to be a JDBC repository, consider annotating your entities with one of these annotations: org.springframework.data.relational.core.mapping.Table.
2022-11-07 10:02:49.303  INFO 36176 --- [restartedMain] .RepositoryConfigurationExtensionSupport : Spring Data JDBC - Could not safely identify store assignment for repository candidate interface com.numpyninja.lms.repository.RoleRepository. If you want this repository to be a JDBC repository, consider annotating your entities with one of these annotations: org.springframework.data.relational.core.mapping.Table.
2022-11-07 10:02:49.304  INFO 36176 --- [restartedMain] .RepositoryConfigurationExtensionSupport : Spring Data JDBC - Could not safely identify store assignment for repository candidate interface com.numpyninja.lms.repository.SkillMasterRepository. If you want this repository to be a JDBC repository, consider annotating your entities with one of these annotations: org.springframework.data.relational.core.mapping.Table.
2022-11-07 10:02:49.305  INFO 36176 --- [restartedMain] .RepositoryConfigurationExtensionSupport : Spring Data JDBC - Could not safely identify store assignment for repository candidate interface com.numpyninja.lms.repository.UserRepository. If you want this repository to be a JDBC repository, consider annotating your entities with one of these annotations: org.springframework.data.relational.core.mapping.Table.
2022-11-07 10:02:49.305  INFO 36176 --- [restartedMain] .RepositoryConfigurationExtensionSupport : Spring Data JDBC - Could not safely identify store assignment for repository candidate interface com.numpyninja.lms.repository.UserRoleMapRepository. If you want this repository to be a JDBC repository, consider annotating your entities with one of these annotations: org.springframework.data.relational.core.mapping.Table.
2022-11-07 10:02:49.305  INFO 36176 --- [restartedMain] .s.d.r.c.RepositoryConfigurationDelegate : Finished Spring Data repository scanning in 30 ms. Found 0 JDBC repository interfaces.
2022-11-07 10:02:50.066  INFO 36176 --- [restartedMain] o.s.b.w.embedded.tomcat.TomcatWebServer  : Tomcat initialized with port(s): 1234 (http)
2022-11-07 10:02:50.080  INFO 36176 --- [restartedMain] o.apache.catalina.core.StandardService   : Starting service [Tomcat]
2022-11-07 10:02:50.081  INFO 36176 --- [restartedMain] org.apache.catalina.core.StandardEngine  : Starting Servlet engine: [Apache Tomcat/9.0.53]
2022-11-07 10:02:50.607  INFO 36176 --- [restartedMain] o.a.c.c.C.[Tomcat].[localhost].[/lms]    : Initializing Spring embedded WebApplicationContext
2022-11-07 10:02:50.607  INFO 36176 --- [restartedMain] w.s.c.ServletWebServerApplicationContext : Root WebApplicationContext: initialization completed in 3101 ms
2022-11-07 10:02:50.788  INFO 36176 --- [restartedMain] o.hibernate.jpa.internal.util.LogHelper  : HHH000204: Processing PersistenceUnitInfo [name: default]
2022-11-07 10:02:50.888  INFO 36176 --- [restartedMain] org.hibernate.Version                    : HHH000412: Hibernate ORM core version 5.4.32.Final
2022-11-07 10:02:51.175  INFO 36176 --- [restartedMain] o.hibernate.annotations.common.Version   : HCANN000001: Hibernate Commons Annotations {5.1.2.Final}
2022-11-07 10:02:51.335  INFO 36176 --- [restartedMain] com.zaxxer.hikari.HikariDataSource       : HikariPool-1 - Starting...
